<?xml version="1.0" encoding="UTF-8"?>
<!-- Generated by org.testng.reporters.JUnitReportReporter -->
<testsuite hostname="DESKTOP-9B7F63I" failures="0" tests="1" name="test.TestPutRequest" time="4.622" errors="0" timestamp="2020-05-08T20:19:40 EET" skipped="0">
  <testcase classname="test.TestPutRequest" name="UpdateRecords" time="4.622"/>
  <system-out/>
</testsuite> <!-- test.TestPutRequest -->
