<?xml version="1.0" encoding="UTF-8"?>
<!-- Generated by org.testng.reporters.JUnitReportReporter -->
<testsuite hostname="DESKTOP-9B7F63I" failures="0" tests="1" name="test.TestPostRequest" time="10.362" errors="0" timestamp="2020-05-08T23:25:39 EET" skipped="0">
  <testcase classname="test.TestPostRequest" name="RegistrationSuccessful" time="10.362"/>
  <system-out/>
</testsuite> <!-- test.TestPostRequest -->
