<?xml version="1.0" encoding="UTF-8"?>
<!-- Generated by org.testng.reporters.JUnitReportReporter -->
<testsuite hostname="DESKTOP-9B7F63I" failures="0" tests="1" name="test.TestGetRequest" time="7.794" errors="0" timestamp="2020-05-08T23:18:31 EET" skipped="0">
  <testcase classname="test.TestGetRequest" name="GetWeatherDetails" time="7.794"/>
  <system-out/>
</testsuite> <!-- test.TestGetRequest -->
